<?xml version="1.0" encoding="UTF-8"?>
<!-- Generated by org.testng.reporters.JUnitReportReporter -->
<testsuite hostname="VAIO" failures="0" tests="1" name="TestNG.TestngKeyword" time="0.029" errors="0" timestamp="2022-07-10T08:06:28 GMT-07:00" skipped="0">
  <testcase classname="TestNG.TestngKeyword" name="method" time="0.029"/>
  <system-out/>
</testsuite> <!-- TestNG.TestngKeyword -->
