<?xml version="1.0" encoding="UTF-8"?>
<!-- Generated by org.testng.reporters.JUnitReportReporter -->
<testsuite hostname="VAIO" failures="0" tests="1" name="numbersprogram.p2" time="0.005" errors="0" timestamp="2022-07-10T08:06:28 GMT-07:00" skipped="0">
  <testcase classname="numbersprogram.p2" name="method" time="0.005"/>
  <system-out/>
</testsuite> <!-- numbersprogram.p2 -->
