<?xml version="1.0" encoding="UTF-8"?>
<!-- Generated by org.testng.reporters.JUnitReportReporter -->
<testsuite hostname="VAIO" failures="0" tests="2" name="TestNG.TestNglogin" time="193.697" errors="0" timestamp="2022-07-10T08:06:28 GMT-07:00" skipped="0">
  <testcase classname="TestNG.TestNglogin" name="testloginfunctoinlity" time="71.744"/>
  <system-out/>
  <testcase classname="TestNG.TestNglogin" name="checkurl" time="121.953"/>
  <system-out/>
</testsuite> <!-- TestNG.TestNglogin -->
